TN:
SF:src/utils/health-check.ts
FN:35,checkService
FN:44,(anonymous_10)
FN:44,(anonymous_11)
FN:64,checkDatabase
FN:75,checkRedis
FN:86,checkN8n
FN:97,checkFileSystem
FN:99,(anonymous_16)
FN:125,getSystemMetrics
FN:162,performHealthCheck
FN:182,(anonymous_19)
FN:184,(anonymous_20)
FN:229,healthCheck
FN:249,simpleHealthCheck
FNF:14
FNH:12
FNDA:32,checkService
FNDA:32,(anonymous_10)
FNDA:0,(anonymous_11)
FNDA:8,checkDatabase
FNDA:8,checkRedis
FNDA:8,checkN8n
FNDA:8,checkFileSystem
FNDA:8,(anonymous_16)
FNDA:8,getSystemMetrics
FNDA:8,performHealthCheck
FNDA:32,(anonymous_19)
FNDA:32,(anonymous_20)
FNDA:0,healthCheck
FNDA:2,simpleHealthCheck
DA:6,1
DA:7,1
DA:39,32
DA:41,32
DA:42,32
DA:44,32
DA:47,32
DA:49,32
DA:54,0
DA:55,0
DA:65,8
DA:68,8
DA:70,0
DA:76,8
DA:79,8
DA:81,0
DA:87,8
DA:90,8
DA:92,0
DA:98,8
DA:99,16
DA:102,8
DA:109,8
DA:110,14
DA:111,14
DA:114,6
DA:118,2
DA:120,6
DA:130,8
DA:131,8
DA:132,7
DA:134,7
DA:147,1
DA:162,1
DA:163,8
DA:165,8
DA:167,8
DA:174,8
DA:182,32
DA:183,8
DA:184,32
DA:188,8
DA:189,6
DA:190,2
DA:191,0
DA:193,2
DA:196,8
DA:205,8
DA:206,8
DA:213,8
DA:215,0
DA:217,0
DA:229,1
DA:230,0
DA:231,0
DA:235,0
DA:237,0
DA:239,0
DA:240,0
DA:249,1
DA:250,2
DA:251,2
DA:252,2
DA:254,0
LF:64
LH:49
BRDA:50,0,0,26
BRDA:50,0,1,6
BRDA:58,1,0,0
BRDA:58,1,1,0
BRDA:188,2,0,6
BRDA:188,2,1,2
BRDA:190,3,0,0
BRDA:190,3,1,2
BRDA:235,4,0,0
BRDA:235,4,1,0
BRDA:235,5,0,0
BRDA:235,5,1,0
BRF:12
BRH:5
end_of_record
